<?xml version="1.0" encoding="UTF-8" ?>
<testsuites name="vitest tests" tests="10" failures="0" errors="0" time="0.020341792">
    <testsuite name="tests/vitest/new-bot-mapping.vitest.js" timestamp="2025-06-24T06:17:47.125Z" hostname="m-kuelshammer-fa2a77bb0c7c.rgsinzig.de" tests="10" failures="0" errors="0" skipped="0" time="0.020341792">
        <testcase classname="tests/vitest/new-bot-mapping.vitest.js" name="Updated Bot Mapping Tests &gt; 3-Tier Bot Progression &gt; Easy bot should map to smart-random" time="0.011414959">
        </testcase>
        <testcase classname="tests/vitest/new-bot-mapping.vitest.js" name="Updated Bot Mapping Tests &gt; 3-Tier Bot Progression &gt; Medium bot should map to offensiv-gemischt" time="0.001092334">
        </testcase>
        <testcase classname="tests/vitest/new-bot-mapping.vitest.js" name="Updated Bot Mapping Tests &gt; 3-Tier Bot Progression &gt; Strong bot should map to monte-carlo" time="0.001195583">
        </testcase>
        <testcase classname="tests/vitest/new-bot-mapping.vitest.js" name="Updated Bot Mapping Tests &gt; Bot Strength Progression &gt; Should have clear win rate progression" time="0.000991208">
        </testcase>
        <testcase classname="tests/vitest/new-bot-mapping.vitest.js" name="Updated Bot Mapping Tests &gt; Bot Strength Progression &gt; Should have meaningful difficulty gaps" time="0.000889917">
        </testcase>
        <testcase classname="tests/vitest/new-bot-mapping.vitest.js" name="Updated Bot Mapping Tests &gt; UI Options Validation &gt; Should have exactly 4 game modes (including 2-player)" time="0.0009195">
        </testcase>
        <testcase classname="tests/vitest/new-bot-mapping.vitest.js" name="Updated Bot Mapping Tests &gt; UI Options Validation &gt; Should have clear bot names" time="0.000890917">
        </testcase>
        <testcase classname="tests/vitest/new-bot-mapping.vitest.js" name="Updated Bot Mapping Tests &gt; Expected Performance Ranges &gt; Easy bot should be beginner-friendly" time="0.00066775">
        </testcase>
        <testcase classname="tests/vitest/new-bot-mapping.vitest.js" name="Updated Bot Mapping Tests &gt; Expected Performance Ranges &gt; Medium bot should provide balanced challenge" time="0.000772042">
        </testcase>
        <testcase classname="tests/vitest/new-bot-mapping.vitest.js" name="Updated Bot Mapping Tests &gt; Expected Performance Ranges &gt; Strong bot should be challenging for experienced players" time="0.000660584">
        </testcase>
    </testsuite>
</testsuites>
