<?xml version="1.0" encoding="UTF-8" ?>
<testsuites name="vitest tests" tests="5" failures="0" errors="0" time="0.017590375">
    <testsuite name="tests/vitest/strategic-bot-fix-validation.vitest.js" timestamp="2025-06-23T10:22:11.125Z" hostname="Mac" tests="5" failures="0" errors="0" skipped="0" time="0.017590375">
        <testcase classname="tests/vitest/strategic-bot-fix-validation.vitest.js" name="Strategic Bot Fix Validation &gt; Each strategic bot type uses distinct implementation" time="0.008211584">
        </testcase>
        <testcase classname="tests/vitest/strategic-bot-fix-validation.vitest.js" name="Strategic Bot Fix Validation &gt; getBestMove routes to specific strategy methods" time="0.003195875">
        </testcase>
        <testcase classname="tests/vitest/strategic-bot-fix-validation.vitest.js" name="Strategic Bot Fix Validation &gt; Strategic bots show different move preferences" time="0.00254925">
        </testcase>
        <testcase classname="tests/vitest/strategic-bot-fix-validation.vitest.js" name="Strategic Bot Fix Validation &gt; Universal logic fallback works for unknown bot types" time="0.000819417">
        </testcase>
        <testcase classname="tests/vitest/strategic-bot-fix-validation.vitest.js" name="Performance Impact Assessment &gt; Strategic routing does not significantly impact performance" time="0.001235792">
        </testcase>
    </testsuite>
</testsuites>
